C:\USERS\DHUMP\DOCUMENTS\DREW'S STUFF\COMPSCI\CS307\PROGRAM 2\PROGRAM2V2\PROGRAM2V2\PROGRAM2V2\DEBUG\BREEDER.OBJ
C:\USERS\DHUMP\DOCUMENTS\DREW'S STUFF\COMPSCI\CS307\PROGRAM 2\PROGRAM2V2\PROGRAM2V2\PROGRAM2V2\DEBUG\CHROMOSOME.OBJ
C:\USERS\DHUMP\DOCUMENTS\DREW'S STUFF\COMPSCI\CS307\PROGRAM 2\PROGRAM2V2\PROGRAM2V2\PROGRAM2V2\DEBUG\CHROMOSOMEFACTORY.OBJ
C:\USERS\DHUMP\DOCUMENTS\DREW'S STUFF\COMPSCI\CS307\PROGRAM 2\PROGRAM2V2\PROGRAM2V2\PROGRAM2V2\DEBUG\GENE.OBJ
C:\USERS\DHUMP\DOCUMENTS\DREW'S STUFF\COMPSCI\CS307\PROGRAM 2\PROGRAM2V2\PROGRAM2V2\PROGRAM2V2\DEBUG\GENEINFO.OBJ
C:\USERS\DHUMP\DOCUMENTS\DREW'S STUFF\COMPSCI\CS307\PROGRAM 2\PROGRAM2V2\PROGRAM2V2\PROGRAM2V2\DEBUG\GENEINFOFACTORY.OBJ
C:\USERS\DHUMP\DOCUMENTS\DREW'S STUFF\COMPSCI\CS307\PROGRAM 2\PROGRAM2V2\PROGRAM2V2\PROGRAM2V2\DEBUG\GENETICSSIMDATAPARSER.OBJ
C:\USERS\DHUMP\DOCUMENTS\DREW'S STUFF\COMPSCI\CS307\PROGRAM 2\PROGRAM2V2\PROGRAM2V2\PROGRAM2V2\DEBUG\MAIN.OBJ
C:\USERS\DHUMP\DOCUMENTS\DREW'S STUFF\COMPSCI\CS307\PROGRAM 2\PROGRAM2V2\PROGRAM2V2\PROGRAM2V2\DEBUG\ORGANISM.OBJ
C:\USERS\DHUMP\DOCUMENTS\DREW'S STUFF\COMPSCI\CS307\PROGRAM 2\PROGRAM2V2\PROGRAM2V2\PROGRAM2V2\DEBUG\ORGANISMFACTORY.OBJ
C:\USERS\DHUMP\DOCUMENTS\DREW'S STUFF\COMPSCI\CS307\PROGRAM 2\PROGRAM2V2\PROGRAM2V2\PROGRAM2V2\DEBUG\SIMULATION.OBJ
C:\USERS\DHUMP\DOCUMENTS\DREW'S STUFF\COMPSCI\CS307\PROGRAM 2\PROGRAM2V2\PROGRAM2V2\PROGRAM2V2\DEBUG\VC110.PDB
C:\USERS\DHUMP\DOCUMENTS\DREW'S STUFF\COMPSCI\CS307\PROGRAM 2\PROGRAM2V2\PROGRAM2V2\DEBUG\PROGRAM2V2.ILK
C:\USERS\DHUMP\DOCUMENTS\DREW'S STUFF\COMPSCI\CS307\PROGRAM 2\PROGRAM2V2\PROGRAM2V2\DEBUG\PROGRAM2V2.EXE
C:\USERS\DHUMP\DOCUMENTS\DREW'S STUFF\COMPSCI\CS307\PROGRAM 2\PROGRAM2V2\PROGRAM2V2\DEBUG\PROGRAM2V2.PDB
C:\Users\dhump\Documents\Drew's Stuff\CompSci\CS307\Program 2\Program2v2\Program2v2\Program2v2\Debug\Breeder.obj
C:\Users\dhump\Documents\Drew's Stuff\CompSci\CS307\Program 2\Program2v2\Program2v2\Program2v2\Debug\Chromosome.obj
C:\Users\dhump\Documents\Drew's Stuff\CompSci\CS307\Program 2\Program2v2\Program2v2\Program2v2\Debug\ChromosomeFactory.obj
C:\Users\dhump\Documents\Drew's Stuff\CompSci\CS307\Program 2\Program2v2\Program2v2\Program2v2\Debug\Gene.obj
C:\Users\dhump\Documents\Drew's Stuff\CompSci\CS307\Program 2\Program2v2\Program2v2\Program2v2\Debug\GeneInfo.obj
C:\Users\dhump\Documents\Drew's Stuff\CompSci\CS307\Program 2\Program2v2\Program2v2\Program2v2\Debug\GeneInfoFactory.obj
C:\Users\dhump\Documents\Drew's Stuff\CompSci\CS307\Program 2\Program2v2\Program2v2\Program2v2\Debug\GeneticsSimDataParser.obj
C:\Users\dhump\Documents\Drew's Stuff\CompSci\CS307\Program 2\Program2v2\Program2v2\Program2v2\Debug\Main.obj
C:\Users\dhump\Documents\Drew's Stuff\CompSci\CS307\Program 2\Program2v2\Program2v2\Program2v2\Debug\Organism.obj
C:\Users\dhump\Documents\Drew's Stuff\CompSci\CS307\Program 2\Program2v2\Program2v2\Program2v2\Debug\OrganismFactory.obj
C:\Users\dhump\Documents\Drew's Stuff\CompSci\CS307\Program 2\Program2v2\Program2v2\Program2v2\Debug\Simulation.obj
C:\Users\dhump\Documents\Drew's Stuff\CompSci\CS307\Program 2\Program2v2\Program2v2\Program2v2\Debug\cl.command.1.tlog
C:\Users\dhump\Documents\Drew's Stuff\CompSci\CS307\Program 2\Program2v2\Program2v2\Program2v2\Debug\CL.read.1.tlog
C:\Users\dhump\Documents\Drew's Stuff\CompSci\CS307\Program 2\Program2v2\Program2v2\Program2v2\Debug\CL.write.1.tlog
C:\Users\dhump\Documents\Drew's Stuff\CompSci\CS307\Program 2\Program2v2\Program2v2\Program2v2\Debug\link-cvtres.read.1.tlog
C:\Users\dhump\Documents\Drew's Stuff\CompSci\CS307\Program 2\Program2v2\Program2v2\Program2v2\Debug\link-cvtres.write.1.tlog
C:\Users\dhump\Documents\Drew's Stuff\CompSci\CS307\Program 2\Program2v2\Program2v2\Program2v2\Debug\link-rc.read.1.tlog
C:\Users\dhump\Documents\Drew's Stuff\CompSci\CS307\Program 2\Program2v2\Program2v2\Program2v2\Debug\link-rc.write.1.tlog
C:\Users\dhump\Documents\Drew's Stuff\CompSci\CS307\Program 2\Program2v2\Program2v2\Program2v2\Debug\link.command.1.tlog
C:\Users\dhump\Documents\Drew's Stuff\CompSci\CS307\Program 2\Program2v2\Program2v2\Program2v2\Debug\link.read.1.tlog
C:\Users\dhump\Documents\Drew's Stuff\CompSci\CS307\Program 2\Program2v2\Program2v2\Program2v2\Debug\link.write.1.tlog
C:\Users\dhump\Documents\Drew's Stuff\CompSci\CS307\Program 2\Program2v2\Program2v2\Program2v2\Debug\vc110.idb
C:\Users\dhump\Documents\Drew's Stuff\CompSci\CS307\Program 2\Program2v2\Program2v2\Program2v2\Debug\vc110.pdb
C:\Users\dhump\Documents\Drew's Stuff\CompSci\CS307\Program 2\Program2v2\Program2v2\Debug\Program2v2.pdb
C:\Users\dhump\Documents\Drew's Stuff\CompSci\CS307\Program 2\Program2v2\Program2v2\Debug\Program2v2.exe
C:\Users\dhump\Documents\Drew's Stuff\CompSci\CS307\Program 2\Program2v2\Program2v2\Debug\Program2v2.ilk
